<?xml version="1.0" encoding="UTF-8"?>
<!-- Generated by org.testng.reporters.JUnitXMLReporter -->
<testsuite ignored="0" hostname="Abdelazeems-MacBook-Pro.local" failures="0" tests="2" name="Surefire test" time="2.627" errors="0" timestamp="2024-09-05T10:30:57 EET">
  <testcase classname="com.emiratespost.tests.RestfulBookerTest" name="GenerateTokenRestfulBooker" time="2.173"/>
  <testcase classname="com.emiratespost.tests.RestfulBookerTest" name="GetBookingRestfulBooker" time="2.54"/>
</testsuite> <!-- Surefire test -->
