<?xml version="1.0" encoding="UTF-8"?>
<testng-results ignored="0" total="2" passed="2" failed="0" skipped="0">
  <reporter-output>
  </reporter-output>
  <suite started-at="2024-09-05T10:30:54 EET" name="Surefire suite" finished-at="2024-09-05T10:30:57 EET" duration-ms="2627">
    <groups>
    </groups>
    <test started-at="2024-09-05T10:30:54 EET" name="Surefire test" finished-at="2024-09-05T10:30:57 EET" duration-ms="2627">
      <class name="com.emiratespost.tests.RestfulBookerTest">
        <test-method is-config="true" signature="beforeMethod(java.lang.reflect.Method)[pri:0, instance:com.emiratespost.tests.RestfulBookerTest@6bff19ff]" started-at="2024-09-05T10:30:54 EET" name="beforeMethod" finished-at="2024-09-05T10:30:54 EET" duration-ms="10" status="PASS">
          <params>
            <param index="0">
              <value>
                <![CDATA[public void com.emiratespost.tests.RestfulBookerTest.GetBookingRestfulBooker()]]>
              </value>
            </param>
          </params>
          <reporter-output>
          </reporter-output>
        </test-method> <!-- beforeMethod -->
        <test-method is-config="true" signature="beforeMethod(java.lang.reflect.Method)[pri:0, instance:com.emiratespost.tests.RestfulBookerTest@6bff19ff]" started-at="2024-09-05T10:30:54 EET" name="beforeMethod" finished-at="2024-09-05T10:30:54 EET" duration-ms="10" status="PASS">
          <params>
            <param index="0">
              <value>
                <![CDATA[public void com.emiratespost.tests.RestfulBookerTest.GenerateTokenRestfulBooker()]]>
              </value>
            </param>
          </params>
          <reporter-output>
          </reporter-output>
        </test-method> <!-- beforeMethod -->
        <test-method signature="GetBookingRestfulBooker()[pri:0, instance:com.emiratespost.tests.RestfulBookerTest@6bff19ff]" started-at="2024-09-05T10:30:54 EET" name="GetBookingRestfulBooker" description="Get bookings" finished-at="2024-09-05T10:30:57 EET" duration-ms="2540" status="PASS">
          <reporter-output>
          </reporter-output>
        </test-method> <!-- GetBookingRestfulBooker -->
        <test-method signature="GenerateTokenRestfulBooker()[pri:0, instance:com.emiratespost.tests.RestfulBookerTest@6bff19ff]" started-at="2024-09-05T10:30:54 EET" name="GenerateTokenRestfulBooker" description="this is for creating token" finished-at="2024-09-05T10:30:56 EET" duration-ms="2173" status="PASS">
          <reporter-output>
          </reporter-output>
        </test-method> <!-- GenerateTokenRestfulBooker -->
      </class> <!-- com.emiratespost.tests.RestfulBookerTest -->
    </test> <!-- Surefire test -->
  </suite> <!-- Surefire suite -->
</testng-results>
