<?xml version="1.0" encoding="UTF-8"?>
<!-- Generated by org.testng.reporters.JUnitReportReporter -->
<testsuite hostname="Abdelazeems-MacBook-Pro.local" failures="0" tests="2" name="com.emiratespost.tests.RestfulBookerTest" time="4.733" errors="0" timestamp="2024-09-05T10:30:57 EET" skipped="0">
  <testcase classname="com.emiratespost.tests.RestfulBookerTest" name="GetBookingRestfulBooker" time="2.550"/>
  <testcase classname="com.emiratespost.tests.RestfulBookerTest" name="GenerateTokenRestfulBooker" time="2.183"/>
</testsuite> <!-- com.emiratespost.tests.RestfulBookerTest -->
